e:\github_project\mfc_monte_carlo_simu\mfc_monte_carlo_simu\x64\debug\vc141.pdb
e:\github_project\mfc_monte_carlo_simu\mfc_monte_carlo_simu\x64\debug\vc141.idb
e:\github_project\mfc_monte_carlo_simu\mfc_monte_carlo_simu\x64\debug\spa.obj
e:\github_project\mfc_monte_carlo_simu\mfc_monte_carlo_simu\x64\debug\mfc_monte_carlo_simu.pch
e:\github_project\mfc_monte_carlo_simu\mfc_monte_carlo_simu\x64\debug\stdafx.obj
e:\github_project\mfc_monte_carlo_simu\mfc_monte_carlo_simu\x64\debug\mfc_monte_carlo_simu.obj
e:\github_project\mfc_monte_carlo_simu\x64\debug\mfc_monte_carlo_simu.exe
e:\github_project\mfc_monte_carlo_simu\x64\debug\mfc_monte_carlo_simu.ilk
e:\github_project\mfc_monte_carlo_simu\x64\debug\mfc_monte_carlo_simu.pdb
e:\github_project\mfc_monte_carlo_simu\mfc_monte_carlo_simu\x64\debug\mfcmontecarlosimu.res
e:\github_project\mfc_monte_carlo_simu\mfc_monte_carlo_simu\x64\debug\spa.obj.enc
e:\github_project\mfc_monte_carlo_simu\mfc_monte_carlo_simu\x64\debug\mfc_mont.02406255.tlog\cl.command.1.tlog
e:\github_project\mfc_monte_carlo_simu\mfc_monte_carlo_simu\x64\debug\mfc_mont.02406255.tlog\cl.read.1.tlog
e:\github_project\mfc_monte_carlo_simu\mfc_monte_carlo_simu\x64\debug\mfc_mont.02406255.tlog\cl.write.1.tlog
e:\github_project\mfc_monte_carlo_simu\mfc_monte_carlo_simu\x64\debug\mfc_mont.02406255.tlog\link.command.1.tlog
e:\github_project\mfc_monte_carlo_simu\mfc_monte_carlo_simu\x64\debug\mfc_mont.02406255.tlog\link.read.1.tlog
e:\github_project\mfc_monte_carlo_simu\mfc_monte_carlo_simu\x64\debug\mfc_mont.02406255.tlog\link.write.1.tlog
e:\github_project\mfc_monte_carlo_simu\mfc_monte_carlo_simu\x64\debug\mfc_mont.02406255.tlog\rc.command.1.tlog
e:\github_project\mfc_monte_carlo_simu\mfc_monte_carlo_simu\x64\debug\mfc_mont.02406255.tlog\rc.read.1.tlog
e:\github_project\mfc_monte_carlo_simu\mfc_monte_carlo_simu\x64\debug\mfc_mont.02406255.tlog\rc.write.1.tlog
